\BOOKMARK [0][-]{chapter.1}{Introduction}{}% 1
\BOOKMARK [1][-]{section.1.1}{Cadre et contexte}{chapter.1}% 2
\BOOKMARK [1][-]{section.1.2}{Objectifs}{chapter.1}% 3
\BOOKMARK [0][-]{chapter.2}{Notions}{}% 4
\BOOKMARK [0][-]{chapter.3}{\311tat de l'art}{}% 5
\BOOKMARK [1][-]{section.3.1}{PapARt}{chapter.3}% 6
\BOOKMARK [1][-]{section.3.2}{Syst\350me de r\351alit\351 augment\351e spatiale}{chapter.3}% 7
\BOOKMARK [1][-]{section.3.3}{Bilan}{chapter.3}% 8
\BOOKMARK [0][-]{chapter.4}{Analyse des besoins}{}% 9
\BOOKMARK [1][-]{section.4.1}{Besoins fonctionnels}{chapter.4}% 10
\BOOKMARK [2][-]{subsection.4.1.1}{Sous-partie 1}{section.4.1}% 11
\BOOKMARK [2][-]{subsection.4.1.2}{Sous-partie 2}{section.4.1}% 12
\BOOKMARK [1][-]{section.4.2}{Besoins non-fonctionnels}{chapter.4}% 13
\BOOKMARK [2][-]{subsection.4.2.1}{Sous-partie 1}{section.4.2}% 14
\BOOKMARK [2][-]{subsection.4.2.2}{Sous-partie 2}{section.4.2}% 15
\BOOKMARK [1][-]{section.4.3}{D\351veloppement}{chapter.4}% 16
\BOOKMARK [2][-]{subsection.4.3.1}{T\342ches}{section.4.3}% 17
\BOOKMARK [2][-]{subsection.4.3.2}{Tests}{section.4.3}% 18
\BOOKMARK [0][-]{chapter.5}{Autre partie}{}% 19
\BOOKMARK [1][-]{section.5.1}{Partie 1}{chapter.5}% 20
\BOOKMARK [2][-]{subsection.5.1.1}{Sous-partie 1}{section.5.1}% 21
\BOOKMARK [2][-]{subsection.5.1.2}{Sous-partie 2}{section.5.1}% 22
\BOOKMARK [1][-]{section.5.2}{Partie 2}{chapter.5}% 23
\BOOKMARK [2][-]{subsection.5.2.1}{Sous-partie 1}{section.5.2}% 24
\BOOKMARK [2][-]{subsection.5.2.2}{Sous-partie 2}{section.5.2}% 25
\BOOKMARK [2][-]{subsection.5.2.3}{Sous-partie 3}{section.5.2}% 26
\BOOKMARK [0][-]{chapter.6}{R\351sultats}{}% 27
\BOOKMARK [1][-]{section.6.1}{Partie 1}{chapter.6}% 28
\BOOKMARK [2][-]{subsection.6.1.1}{Sous-partie 1}{section.6.1}% 29
\BOOKMARK [2][-]{subsection.6.1.2}{Sous-partie 2}{section.6.1}% 30
\BOOKMARK [2][-]{subsection.6.1.3}{Sous-partie 3}{section.6.1}% 31
\BOOKMARK [1][-]{section.6.2}{Partie 2}{chapter.6}% 32
\BOOKMARK [0][-]{chapter.7}{Bilan}{}% 33
\BOOKMARK [-1][-]{part*.11}{Annexes}{}% 34
\BOOKMARK [0][-]{chapter*.12}{Annexe 1}{part*.11}% 35
\BOOKMARK [1][-]{section.7.1}{Partie 1}{chapter*.12}% 36
\BOOKMARK [2][-]{subsection.7.1.1}{Sous-partie 1}{section.7.1}% 37
\BOOKMARK [2][-]{subsection.7.1.2}{Sous-partie 2}{section.7.1}% 38
\BOOKMARK [2][-]{subsection.7.1.3}{Sous-partie 3}{section.7.1}% 39
\BOOKMARK [1][-]{section.7.2}{Partie 2}{chapter*.12}% 40
\BOOKMARK [2][-]{subsection.7.2.1}{Sous-partie 1}{section.7.2}% 41
\BOOKMARK [2][-]{subsection.7.2.2}{Sous-partie 2}{section.7.2}% 42
\BOOKMARK [2][-]{subsection.7.2.3}{Sous-partie 3}{section.7.2}% 43
\BOOKMARK [0][-]{chapter*.13}{Annexe 2}{part*.11}% 44
\BOOKMARK [1][-]{section*.14}{Pr\351requis}{chapter*.13}% 45
\BOOKMARK [1][-]{section.7.1}{Partie 1}{chapter*.13}% 46
\BOOKMARK [2][-]{subsection.7.1.1}{Sous-parie 1}{section.7.1}% 47
\BOOKMARK [2][-]{subsection.7.1.2}{Sous-parie 2}{section.7.1}% 48
\BOOKMARK [1][-]{section.7.2}{Partie 2}{chapter*.13}% 49
\BOOKMARK [1][-]{section.7.3}{Partie 3}{chapter*.13}% 50
